<?xml version="1.0" encoding="UTF-8"?>
<!-- Generated by org.testng.reporters.JUnitReportReporter -->
<testsuite hostname="LAPTOP-NOFOQGSL" failures="0" tests="1" name="medical.SeleniumTest" time="0.015" errors="0" timestamp="11 Jan 2021 11:27:30 GMT">
  <testcase classname="medical.SeleniumTest" name="display" time="0.015"/>
</testsuite> <!-- medical.SeleniumTest -->
